<?xml version="1.0" encoding="UTF-8"?>
<testsuite xmlns:xsi="http://www.w3.org/2001/XMLSchema-instance" xsi:noNamespaceSchemaLocation="https://maven.apache.org/surefire/maven-surefire-plugin/xsd/surefire-test-report-3.0.xsd" version="3.0" name="org.hibernate.bugs.ORMStandaloneTestCase" time="0.009" tests="1" errors="0" skipped="0" failures="0">
  <properties>
    <property name="java.specification.version" value="19"/>
    <property name="sun.jnu.encoding" value="UTF-8"/>
    <property name="regex.home" value="/Users/piotr/.sdkman/candidates/java/22.3.r19-grl/languages/regex"/>
    <property name="insight.home" value="/Users/piotr/.sdkman/candidates/java/22.3.r19-grl/tools/insight"/>
    <property name="java.class.path" value="/Users/piotr/Documents/hibernate-test-case-templates/orm/hibernate-orm-6/target/test-classes:/Users/piotr/Documents/hibernate-test-case-templates/orm/hibernate-orm-6/target/classes:/Users/piotr/.m2/repository/org/hibernate/orm/hibernate-core/6.2.7.Final/hibernate-core-6.2.7.Final.jar:/Users/piotr/.m2/repository/jakarta/persistence/jakarta.persistence-api/3.1.0/jakarta.persistence-api-3.1.0.jar:/Users/piotr/.m2/repository/jakarta/transaction/jakarta.transaction-api/2.0.1/jakarta.transaction-api-2.0.1.jar:/Users/piotr/.m2/repository/org/jboss/logging/jboss-logging/3.5.0.Final/jboss-logging-3.5.0.Final.jar:/Users/piotr/.m2/repository/org/hibernate/common/hibernate-commons-annotations/6.0.6.Final/hibernate-commons-annotations-6.0.6.Final.jar:/Users/piotr/.m2/repository/io/smallrye/jandex/3.0.5/jandex-3.0.5.jar:/Users/piotr/.m2/repository/com/fasterxml/classmate/1.5.1/classmate-1.5.1.jar:/Users/piotr/.m2/repository/net/bytebuddy/byte-buddy/1.12.18/byte-buddy-1.12.18.jar:/Users/piotr/.m2/repository/jakarta/xml/bind/jakarta.xml.bind-api/4.0.0/jakarta.xml.bind-api-4.0.0.jar:/Users/piotr/.m2/repository/jakarta/activation/jakarta.activation-api/2.1.0/jakarta.activation-api-2.1.0.jar:/Users/piotr/.m2/repository/org/glassfish/jaxb/jaxb-runtime/4.0.2/jaxb-runtime-4.0.2.jar:/Users/piotr/.m2/repository/org/glassfish/jaxb/jaxb-core/4.0.2/jaxb-core-4.0.2.jar:/Users/piotr/.m2/repository/org/eclipse/angus/angus-activation/2.0.0/angus-activation-2.0.0.jar:/Users/piotr/.m2/repository/org/glassfish/jaxb/txw2/4.0.2/txw2-4.0.2.jar:/Users/piotr/.m2/repository/com/sun/istack/istack-commons-runtime/4.1.1/istack-commons-runtime-4.1.1.jar:/Users/piotr/.m2/repository/jakarta/inject/jakarta.inject-api/2.0.1/jakarta.inject-api-2.0.1.jar:/Users/piotr/.m2/repository/org/antlr/antlr4-runtime/4.10.1/antlr4-runtime-4.10.1.jar:/Users/piotr/.m2/repository/org/hibernate/orm/hibernate-testing/6.2.7.Final/hibernate-testing-6.2.7.Final.jar:/Users/piotr/.m2/repository/org/hibernate/orm/hibernate-community-dialects/6.2.7.Final/hibernate-community-dialects-6.2.7.Final.jar:/Users/piotr/.m2/repository/org/junit/jupiter/junit-jupiter-api/5.9.2/junit-jupiter-api-5.9.2.jar:/Users/piotr/.m2/repository/org/opentest4j/opentest4j/1.2.0/opentest4j-1.2.0.jar:/Users/piotr/.m2/repository/org/junit/platform/junit-platform-commons/1.9.2/junit-platform-commons-1.9.2.jar:/Users/piotr/.m2/repository/org/apiguardian/apiguardian-api/1.1.2/apiguardian-api-1.1.2.jar:/Users/piotr/.m2/repository/org/junit/jupiter/junit-jupiter-params/5.9.2/junit-jupiter-params-5.9.2.jar:/Users/piotr/.m2/repository/org/hamcrest/hamcrest-all/1.3/hamcrest-all-1.3.jar:/Users/piotr/.m2/repository/org/assertj/assertj-core/3.14.0/assertj-core-3.14.0.jar:/Users/piotr/.m2/repository/org/mockito/mockito-core/5.1.1/mockito-core-5.1.1.jar:/Users/piotr/.m2/repository/net/bytebuddy/byte-buddy-agent/1.12.22/byte-buddy-agent-1.12.22.jar:/Users/piotr/.m2/repository/org/objenesis/objenesis/3.3/objenesis-3.3.jar:/Users/piotr/.m2/repository/org/mockito/mockito-inline/5.1.1/mockito-inline-5.1.1.jar:/Users/piotr/.m2/repository/org/jboss/byteman/byteman/4.0.20/byteman-4.0.20.jar:/Users/piotr/.m2/repository/org/jboss/byteman/byteman-install/4.0.20/byteman-install-4.0.20.jar:/Users/piotr/.m2/repository/org/jboss/byteman/byteman-bmunit/4.0.20/byteman-bmunit-4.0.20.jar:/Users/piotr/.m2/repository/org/jboss/byteman/byteman-submit/4.0.20/byteman-submit-4.0.20.jar:/Users/piotr/.m2/repository/com/experlog/xapool/1.5.0/xapool-1.5.0.jar:/Users/piotr/.m2/repository/org/jboss/jboss-transaction-spi/8.0.0.Final/jboss-transaction-spi-8.0.0.Final.jar:/Users/piotr/.m2/repository/org/jboss/narayana/jta/narayana-jta/6.0.0.Final/narayana-jta-6.0.0.Final.jar:/Users/piotr/.m2/repository/javax/money/money-api/1.0.1/money-api-1.0.1.jar:/Users/piotr/.m2/repository/org/javamoney/moneta/1.1/moneta-1.1.jar:/Users/piotr/.m2/repository/javax/annotation/javax.annotation-api/1.2/javax.annotation-api-1.2.jar:/Users/piotr/.m2/repository/org/apache/logging/log4j/log4j-core/2.17.1/log4j-core-2.17.1.jar:/Users/piotr/.m2/repository/org/apache/logging/log4j/log4j-api/2.17.1/log4j-api-2.17.1.jar:/Users/piotr/.m2/repository/org/wildfly/transaction/wildfly-transaction-client-jakarta/2.0.0.Final/wildfly-transaction-client-jakarta-2.0.0.Final.jar:/Users/piotr/.m2/repository/org/wildfly/common/wildfly-common/1.2.0.Final/wildfly-common-1.2.0.Final.jar:/Users/piotr/.m2/repository/org/jboss/xnio/xnio-api/3.5.1.Final/xnio-api-3.5.1.Final.jar:/Users/piotr/.m2/repository/org/wildfly/client/wildfly-client-config/1.0.0.Final/wildfly-client-config-1.0.0.Final.jar:/Users/piotr/.m2/repository/org/jboss/remoting/jboss-remoting/5.0.0.Final/jboss-remoting-5.0.0.Final.jar:/Users/piotr/.m2/repository/org/wildfly/security/wildfly-elytron/1.1.0.Final/wildfly-elytron-1.1.0.Final.jar:/Users/piotr/.m2/repository/org/wildfly/wildfly-naming-client/1.0.4.Final/wildfly-naming-client-1.0.4.Final.jar:/Users/piotr/.m2/repository/org/jboss/marshalling/jboss-marshalling/2.0.0.Final/jboss-marshalling-2.0.0.Final.jar:/Users/piotr/.m2/repository/org/jboss/marshalling/jboss-marshalling-river/2.0.0.Final/jboss-marshalling-river-2.0.0.Final.jar:/Users/piotr/.m2/repository/jakarta/resource/jakarta.resource-api/2.0.0/jakarta.resource-api-2.0.0.jar:/Users/piotr/.m2/repository/jakarta/annotation/jakarta.annotation-api/2.0.0/jakarta.annotation-api-2.0.0.jar:/Users/piotr/.m2/repository/com/h2database/h2/2.2.220/h2-2.2.220.jar:/Users/piotr/.m2/repository/junit/junit/4.13.2/junit-4.13.2.jar:/Users/piotr/.m2/repository/org/hamcrest/hamcrest-core/1.3/hamcrest-core-1.3.jar:"/>
    <property name="java.vm.vendor" value="GraalVM Community"/>
    <property name="sun.arch.data.model" value="64"/>
    <property name="org.graalvm.version" value="22.3.0"/>
    <property name="java.vendor.url" value="https://www.graalvm.org/"/>
    <property name="user.timezone" value="Europe/Stockholm"/>
    <property name="org.graalvm.tool.insightheap.home" value="/Users/piotr/.sdkman/candidates/java/22.3.r19-grl/tools/insightheap"/>
    <property name="java.vm.specification.version" value="19"/>
    <property name="os.name" value="Mac OS X"/>
    <property name="org.graalvm.tool.chromeinspector.home" value="/Users/piotr/.sdkman/candidates/java/22.3.r19-grl/tools/chromeinspector"/>
    <property name="sun.java.launcher" value="SUN_STANDARD"/>
    <property name="user.country" value="SE"/>
    <property name="nfi.home" value="/Users/piotr/.sdkman/candidates/java/22.3.r19-grl/languages/nfi"/>
    <property name="sun.boot.library.path" value="/Users/piotr/.sdkman/candidates/java/22.3.r19-grl/lib"/>
    <property name="sun.java.command" value="/Users/piotr/Documents/hibernate-test-case-templates/orm/hibernate-orm-6/target/surefire/surefirebooter-20230812091753896_3.jar /Users/piotr/Documents/hibernate-test-case-templates/orm/hibernate-orm-6/target/surefire 2023-08-12T09-17-53_847-jvmRun1 surefire-20230812091753896_1tmp surefire_0-20230812091753896_2tmp"/>
    <property name="http.nonProxyHosts" value="local|*.local|169.254/16|*.169.254/16"/>
    <property name="jdk.debug" value="release"/>
    <property name="surefire.test.class.path" value="/Users/piotr/Documents/hibernate-test-case-templates/orm/hibernate-orm-6/target/test-classes:/Users/piotr/Documents/hibernate-test-case-templates/orm/hibernate-orm-6/target/classes:/Users/piotr/.m2/repository/org/hibernate/orm/hibernate-core/6.2.7.Final/hibernate-core-6.2.7.Final.jar:/Users/piotr/.m2/repository/jakarta/persistence/jakarta.persistence-api/3.1.0/jakarta.persistence-api-3.1.0.jar:/Users/piotr/.m2/repository/jakarta/transaction/jakarta.transaction-api/2.0.1/jakarta.transaction-api-2.0.1.jar:/Users/piotr/.m2/repository/org/jboss/logging/jboss-logging/3.5.0.Final/jboss-logging-3.5.0.Final.jar:/Users/piotr/.m2/repository/org/hibernate/common/hibernate-commons-annotations/6.0.6.Final/hibernate-commons-annotations-6.0.6.Final.jar:/Users/piotr/.m2/repository/io/smallrye/jandex/3.0.5/jandex-3.0.5.jar:/Users/piotr/.m2/repository/com/fasterxml/classmate/1.5.1/classmate-1.5.1.jar:/Users/piotr/.m2/repository/net/bytebuddy/byte-buddy/1.12.18/byte-buddy-1.12.18.jar:/Users/piotr/.m2/repository/jakarta/xml/bind/jakarta.xml.bind-api/4.0.0/jakarta.xml.bind-api-4.0.0.jar:/Users/piotr/.m2/repository/jakarta/activation/jakarta.activation-api/2.1.0/jakarta.activation-api-2.1.0.jar:/Users/piotr/.m2/repository/org/glassfish/jaxb/jaxb-runtime/4.0.2/jaxb-runtime-4.0.2.jar:/Users/piotr/.m2/repository/org/glassfish/jaxb/jaxb-core/4.0.2/jaxb-core-4.0.2.jar:/Users/piotr/.m2/repository/org/eclipse/angus/angus-activation/2.0.0/angus-activation-2.0.0.jar:/Users/piotr/.m2/repository/org/glassfish/jaxb/txw2/4.0.2/txw2-4.0.2.jar:/Users/piotr/.m2/repository/com/sun/istack/istack-commons-runtime/4.1.1/istack-commons-runtime-4.1.1.jar:/Users/piotr/.m2/repository/jakarta/inject/jakarta.inject-api/2.0.1/jakarta.inject-api-2.0.1.jar:/Users/piotr/.m2/repository/org/antlr/antlr4-runtime/4.10.1/antlr4-runtime-4.10.1.jar:/Users/piotr/.m2/repository/org/hibernate/orm/hibernate-testing/6.2.7.Final/hibernate-testing-6.2.7.Final.jar:/Users/piotr/.m2/repository/org/hibernate/orm/hibernate-community-dialects/6.2.7.Final/hibernate-community-dialects-6.2.7.Final.jar:/Users/piotr/.m2/repository/org/junit/jupiter/junit-jupiter-api/5.9.2/junit-jupiter-api-5.9.2.jar:/Users/piotr/.m2/repository/org/opentest4j/opentest4j/1.2.0/opentest4j-1.2.0.jar:/Users/piotr/.m2/repository/org/junit/platform/junit-platform-commons/1.9.2/junit-platform-commons-1.9.2.jar:/Users/piotr/.m2/repository/org/apiguardian/apiguardian-api/1.1.2/apiguardian-api-1.1.2.jar:/Users/piotr/.m2/repository/org/junit/jupiter/junit-jupiter-params/5.9.2/junit-jupiter-params-5.9.2.jar:/Users/piotr/.m2/repository/org/hamcrest/hamcrest-all/1.3/hamcrest-all-1.3.jar:/Users/piotr/.m2/repository/org/assertj/assertj-core/3.14.0/assertj-core-3.14.0.jar:/Users/piotr/.m2/repository/org/mockito/mockito-core/5.1.1/mockito-core-5.1.1.jar:/Users/piotr/.m2/repository/net/bytebuddy/byte-buddy-agent/1.12.22/byte-buddy-agent-1.12.22.jar:/Users/piotr/.m2/repository/org/objenesis/objenesis/3.3/objenesis-3.3.jar:/Users/piotr/.m2/repository/org/mockito/mockito-inline/5.1.1/mockito-inline-5.1.1.jar:/Users/piotr/.m2/repository/org/jboss/byteman/byteman/4.0.20/byteman-4.0.20.jar:/Users/piotr/.m2/repository/org/jboss/byteman/byteman-install/4.0.20/byteman-install-4.0.20.jar:/Users/piotr/.m2/repository/org/jboss/byteman/byteman-bmunit/4.0.20/byteman-bmunit-4.0.20.jar:/Users/piotr/.m2/repository/org/jboss/byteman/byteman-submit/4.0.20/byteman-submit-4.0.20.jar:/Users/piotr/.m2/repository/com/experlog/xapool/1.5.0/xapool-1.5.0.jar:/Users/piotr/.m2/repository/org/jboss/jboss-transaction-spi/8.0.0.Final/jboss-transaction-spi-8.0.0.Final.jar:/Users/piotr/.m2/repository/org/jboss/narayana/jta/narayana-jta/6.0.0.Final/narayana-jta-6.0.0.Final.jar:/Users/piotr/.m2/repository/javax/money/money-api/1.0.1/money-api-1.0.1.jar:/Users/piotr/.m2/repository/org/javamoney/moneta/1.1/moneta-1.1.jar:/Users/piotr/.m2/repository/javax/annotation/javax.annotation-api/1.2/javax.annotation-api-1.2.jar:/Users/piotr/.m2/repository/org/apache/logging/log4j/log4j-core/2.17.1/log4j-core-2.17.1.jar:/Users/piotr/.m2/repository/org/apache/logging/log4j/log4j-api/2.17.1/log4j-api-2.17.1.jar:/Users/piotr/.m2/repository/org/wildfly/transaction/wildfly-transaction-client-jakarta/2.0.0.Final/wildfly-transaction-client-jakarta-2.0.0.Final.jar:/Users/piotr/.m2/repository/org/wildfly/common/wildfly-common/1.2.0.Final/wildfly-common-1.2.0.Final.jar:/Users/piotr/.m2/repository/org/jboss/xnio/xnio-api/3.5.1.Final/xnio-api-3.5.1.Final.jar:/Users/piotr/.m2/repository/org/wildfly/client/wildfly-client-config/1.0.0.Final/wildfly-client-config-1.0.0.Final.jar:/Users/piotr/.m2/repository/org/jboss/remoting/jboss-remoting/5.0.0.Final/jboss-remoting-5.0.0.Final.jar:/Users/piotr/.m2/repository/org/wildfly/security/wildfly-elytron/1.1.0.Final/wildfly-elytron-1.1.0.Final.jar:/Users/piotr/.m2/repository/org/wildfly/wildfly-naming-client/1.0.4.Final/wildfly-naming-client-1.0.4.Final.jar:/Users/piotr/.m2/repository/org/jboss/marshalling/jboss-marshalling/2.0.0.Final/jboss-marshalling-2.0.0.Final.jar:/Users/piotr/.m2/repository/org/jboss/marshalling/jboss-marshalling-river/2.0.0.Final/jboss-marshalling-river-2.0.0.Final.jar:/Users/piotr/.m2/repository/jakarta/resource/jakarta.resource-api/2.0.0/jakarta.resource-api-2.0.0.jar:/Users/piotr/.m2/repository/jakarta/annotation/jakarta.annotation-api/2.0.0/jakarta.annotation-api-2.0.0.jar:/Users/piotr/.m2/repository/com/h2database/h2/2.2.220/h2-2.2.220.jar:/Users/piotr/.m2/repository/junit/junit/4.13.2/junit-4.13.2.jar:/Users/piotr/.m2/repository/org/hamcrest/hamcrest-core/1.3/hamcrest-core-1.3.jar:"/>
    <property name="sun.cpu.endian" value="little"/>
    <property name="user.home" value="/Users/piotr"/>
    <property name="user.language" value="en"/>
    <property name="lsp.home" value="/Users/piotr/.sdkman/candidates/java/22.3.r19-grl/tools/lsp"/>
    <property name="java.specification.vendor" value="Oracle Corporation"/>
    <property name="nfi-libffi.home" value="/Users/piotr/.sdkman/candidates/java/22.3.r19-grl/languages/nfi-libffi"/>
    <property name="org.graalvm.tool.coverage.home" value="/Users/piotr/.sdkman/candidates/java/22.3.r19-grl/tools/coverage"/>
    <property name="java.version.date" value="2022-10-18"/>
    <property name="java.home" value="/Users/piotr/.sdkman/candidates/java/22.3.r19-grl"/>
    <property name="org.graalvm.tool.lsp.home" value="/Users/piotr/.sdkman/candidates/java/22.3.r19-grl/tools/lsp"/>
    <property name="file.separator" value="/"/>
    <property name="basedir" value="/Users/piotr/Documents/hibernate-test-case-templates/orm/hibernate-orm-6"/>
    <property name="java.vm.compressedOopsMode" value="Zero based"/>
    <property name="jdk.internal.vm.ci.enabled" value="true"/>
    <property name="line.separator" value="&#10;"/>
    <property name="coverage.home" value="/Users/piotr/.sdkman/candidates/java/22.3.r19-grl/tools/coverage"/>
    <property name="java.vm.specification.vendor" value="Oracle Corporation"/>
    <property name="java.specification.name" value="Java Platform API Specification"/>
    <property name="chromeinspector.home" value="/Users/piotr/.sdkman/candidates/java/22.3.r19-grl/tools/chromeinspector"/>
    <property name="org.graalvm.language.regex.home" value="/Users/piotr/.sdkman/candidates/java/22.3.r19-grl/languages/regex"/>
    <property name="org.graalvm.tool.profiler.home" value="/Users/piotr/.sdkman/candidates/java/22.3.r19-grl/tools/profiler"/>
    <property name="apple.awt.application.name" value="ForkedBooter"/>
    <property name="surefire.real.class.path" value="/Users/piotr/Documents/hibernate-test-case-templates/orm/hibernate-orm-6/target/surefire/surefirebooter-20230812091753896_3.jar"/>
    <property name="icu4j.home" value="/Users/piotr/.sdkman/candidates/java/22.3.r19-grl/languages/icu4j"/>
    <property name="sun.management.compiler" value="HotSpot 64-Bit Tiered Compilers"/>
    <property name="ftp.nonProxyHosts" value="local|*.local|169.254/16|*.169.254/16"/>
    <property name="profiler.home" value="/Users/piotr/.sdkman/candidates/java/22.3.r19-grl/tools/profiler"/>
    <property name="java.runtime.version" value="19.0.1+10-jvmci-22.3-b08"/>
    <property name="user.name" value="piotr"/>
    <property name="stdout.encoding" value="UTF-8"/>
    <property name="path.separator" value=":"/>
    <property name="os.version" value="13.4.1"/>
    <property name="java.runtime.name" value="OpenJDK Runtime Environment"/>
    <property name="dap.home" value="/Users/piotr/.sdkman/candidates/java/22.3.r19-grl/tools/dap"/>
    <property name="file.encoding" value="UTF-8"/>
    <property name="insightheap.home" value="/Users/piotr/.sdkman/candidates/java/22.3.r19-grl/tools/insightheap"/>
    <property name="java.vm.name" value="OpenJDK 64-Bit Server VM"/>
    <property name="org.graalvm.tool.insight.home" value="/Users/piotr/.sdkman/candidates/java/22.3.r19-grl/tools/insight"/>
    <property name="java.vendor.version" value="GraalVM CE 22.3.0"/>
    <property name="localRepository" value="/Users/piotr/.m2/repository"/>
    <property name="java.vendor.url.bug" value="https://github.com/oracle/graal/issues"/>
    <property name="java.io.tmpdir" value="/var/folders/6m/29f5wwbn1898q0mtxxnry4qm0000gn/T/"/>
    <property name="java.version" value="19.0.1"/>
    <property name="user.dir" value="/Users/piotr/Documents/hibernate-test-case-templates/orm/hibernate-orm-6"/>
    <property name="os.arch" value="aarch64"/>
    <property name="java.vm.specification.name" value="Java Virtual Machine Specification"/>
    <property name="org.graalvm.tool.dap.home" value="/Users/piotr/.sdkman/candidates/java/22.3.r19-grl/tools/dap"/>
    <property name="native.encoding" value="UTF-8"/>
    <property name="java.library.path" value="/Users/piotr/Library/Java/Extensions:/Library/Java/Extensions:/Network/Library/Java/Extensions:/System/Library/Java/Extensions:/usr/lib/java:."/>
    <property name="org.graalvm.language.icu4j.home" value="/Users/piotr/.sdkman/candidates/java/22.3.r19-grl/languages/icu4j"/>
    <property name="java.vm.info" value="mixed mode, sharing"/>
    <property name="stderr.encoding" value="UTF-8"/>
    <property name="java.vendor" value="GraalVM Community"/>
    <property name="java.vm.version" value="19.0.1+10-jvmci-22.3-b08"/>
    <property name="sun.io.unicode.encoding" value="UnicodeBig"/>
    <property name="org.graalvm.home" value="/Users/piotr/.sdkman/candidates/java/22.3.r19-grl"/>
    <property name="org.graalvm.language.nfi-libffi.home" value="/Users/piotr/.sdkman/candidates/java/22.3.r19-grl/languages/nfi-libffi"/>
    <property name="socksNonProxyHosts" value="local|*.local|169.254/16|*.169.254/16"/>
    <property name="java.class.version" value="63.0"/>
    <property name="org.graalvm.language.nfi.home" value="/Users/piotr/.sdkman/candidates/java/22.3.r19-grl/languages/nfi"/>
  </properties>
  <testcase name="hhh123Test" classname="org.hibernate.bugs.ORMStandaloneTestCase" time="0.009">
    <system-out><![CDATA[2023-08-12 09:17:55 WARN  CachingRegionFactory:48 - org.hibernate.testing.cache.CachingRegionFactory should be only used for testing.
2023-08-12 09:17:55 WARN  pooling:80 - HHH10001002: Using built-in connection pool (not intended for production use)
2023-08-12 09:17:55 INFO  pooling:139 - HHH10001005: Loaded JDBC driver class: org.h2.Driver
2023-08-12 09:17:55 INFO  pooling:161 - HHH10001012: Connecting with JDBC URL [jdbc:h2:mem:db1;DB_CLOSE_DELAY=-1]
2023-08-12 09:17:55 INFO  pooling:170 - HHH10001001: Connection properties: {password=****, user=sa}
2023-08-12 09:17:55 INFO  pooling:174 - HHH10001003: Autocommit mode: false
2023-08-12 09:17:55 INFO  pooling:366 - HHH10001115: Connection pool size: 5 (min=1)
2023-08-12 09:17:55 INFO  BytecodeProviderInitiator:53 - HHH000021: Bytecode provider name : bytebuddy
2023-08-12 09:17:55 INFO  JtaPlatformInitiator:51 - HHH000490: Using JtaPlatform implementation: [org.hibernate.engine.transaction.jta.platform.internal.WildFlyStandAloneJtaPlatform]
]]></system-out>
  </testcase>
</testsuite>